<!DOCTYPE html PUBLIC "-//W3C//DTD XHTML 1.1//EN" "https://www.w3.org/TR/xhtml11/DTD/xhtml11.dtd">
<html xmlns="https://www.w3.org/1999/xhtml">
<head>
<meta http-equiv="content-type" content="text/html; charset=UTF-8"/>
<title>TestNG Report</title>
<style type="text/css">table {margin-bottom:10px;border-collapse:collapse;empty-cells:show}th,td {border:1px solid #009;padding:.25em .5em}th {vertical-align:bottom}td {vertical-align:top}table a {font-weight:bold}.stripe td {background-color: #E6EBF9}.num {text-align:right}.passedodd td {background-color: #3F3}.passedeven td {background-color: #0A0}.skippedodd td {background-color: #DDD}.skippedeven td {background-color: #CCC}.failedodd td,.attn {background-color: #F33}.failedeven td,.stripe .attn {background-color: #D00}.stacktrace {white-space:pre;font-family:monospace}.totop {font-size:85%;text-align:center;border-bottom:2px solid #000}.invisible {display:none}</style>
</head>
<body>
<table>
<tr><th>Test</th><th># Passed</th><th># Skipped</th><th># Retried</th><th># Failed</th><th>Time (ms)</th><th>Included Groups</th><th>Excluded Groups</th></tr>
<tr><th colspan="8">Suite</th></tr>
<tr><td><a href="#t0">Test</a></td><td class="num">5</td><td class="num">0</td><td class="num">0</td><td class="num attn">3</td><td class="num">53,363</td><td></td><td></td></tr>
</table>
<table id='summary'><thead><tr><th>Class</th><th>Method</th><th>Start</th><th>Time (ms)</th></tr></thead><tbody><tr><th colspan="4">Suite</th></tr></tbody><tbody id="t0"><tr><th colspan="4">Test &#8212; failed</th></tr><tr class="failedeven"><td rowspan="3">com.blazedemo.tests.NegativeTests</td><td><a href="#m0">TC05_blankCreditCard</a></td><td rowspan="1">1766577100010</td><td rowspan="1">2624</td></tr><tr class="failedeven"><td><a href="#m1">TC06_invalidCreditCardCharacters</a></td><td rowspan="1">1766577104880</td><td rowspan="1">2724</td></tr><tr class="failedeven"><td><a href="#m2">TC07_sameDepartureSameDestination</a></td><td rowspan="1">1766577109767</td><td rowspan="1">20332</td></tr><tr><th colspan="4">Test &#8212; passed</th></tr><tr class="passedeven"><td rowspan="2">com.blazedemo.tests.DataDrivenTest</td><td><a href="#m3">TC04_multipleBookings</a></td><td rowspan="2">1766577090894</td><td rowspan="2">2752</td></tr><tr class="passedeven"><td><a href="#m4">TC04_multipleBookings</a></td></tr><tr class="passedodd"><td rowspan="2">com.blazedemo.tests.FunctionalTests</td><td><a href="#m5">TC02_searchFlights</a></td><td rowspan="1">1766577083472</td><td rowspan="1">929</td></tr><tr class="passedodd"><td><a href="#m6">TC03_completeFlightBooking</a></td><td rowspan="1">1766577086328</td><td rowspan="1">2641</td></tr><tr class="passedeven"><td rowspan="1">com.blazedemo.tests.SmokeTest</td><td><a href="#m7">TC01_verifyHomepageLoads</a></td><td rowspan="1">1766577081231</td><td rowspan="1">206</td></tr></tbody>
</table>
<h2>Test</h2><h3 id="m0">com.blazedemo.tests.NegativeTests#TC05_blankCreditCard</h3><table class="result"><tr><th>Exception</th></tr><tr><td><div class="stacktrace">java.lang.AssertionError: expected [false] but found [true]
	at com.blazedemo.tests.NegativeTests.TC05_blankCreditCard(NegativeTests.java:35)
	at java.base/java.util.ArrayList.forEach(ArrayList.java:1596)
... Removed 29 stack frames</div></td></tr></table><p class="totop"><a href="#summary">back to summary</a></p>
<h3 id="m1">com.blazedemo.tests.NegativeTests#TC06_invalidCreditCardCharacters</h3><table class="result"><tr><th>Exception</th></tr><tr><td><div class="stacktrace">java.lang.AssertionError: expected [false] but found [true]
	at com.blazedemo.tests.NegativeTests.TC06_invalidCreditCardCharacters(NegativeTests.java:59)
	at java.base/java.util.ArrayList.forEach(ArrayList.java:1596)
... Removed 29 stack frames</div></td></tr></table><p class="totop"><a href="#summary">back to summary</a></p>
<h3 id="m2">com.blazedemo.tests.NegativeTests#TC07_sameDepartureSameDestination</h3><table class="result"><tr><th>Exception</th></tr><tr><td><div class="stacktrace">org.openqa.selenium.NoSuchElementException: Cannot locate option with text: Paris
For documentation on this error, please visit: https://www.selenium.dev/documentation/webdriver/troubleshooting/errors#nosuchelementexception
Build info: version: &apos;4.39.0&apos;, revision: &apos;126f156aee&apos;
System info: os.name: &apos;Windows 11&apos;, os.arch: &apos;amd64&apos;, os.version: &apos;10.0&apos;, java.version: &apos;21.0.8&apos;
Driver info: driver.version: unknown
	at org.openqa.selenium.support.ui.Select.selectByVisibleText(Select.java:397)
	at org.openqa.selenium.support.ui.Select.selectByVisibleText(Select.java:125)
	at com.blazedemo.pages.HomePage.selectCities(HomePage.java:30)
	at com.blazedemo.tests.NegativeTests.TC07_sameDepartureSameDestination(NegativeTests.java:68)
	at java.base/java.util.ArrayList.forEach(ArrayList.java:1596)
... Removed 25 stack frames</div></td></tr></table><p class="totop"><a href="#summary">back to summary</a></p>
<h3 id="m3">com.blazedemo.tests.DataDrivenTest#TC04_multipleBookings</h3><table class="result"><tr class="param"><th>Parameter #1</th><th>Parameter #2</th><th>Parameter #3</th><th>Parameter #4</th><th>Parameter #5</th><th>Parameter #6</th><th>Parameter #7</th><th>Parameter #8</th></tr><tr class="param stripe"><td>Boston</td><td>New York</td><td>Tony Stark</td><td>250 Stark Tower</td><td>New York</td><td>New York State</td><td>413000</td><td>5111111111</td></tr></table><p class="totop"><a href="#summary">back to summary</a></p>
<h3 id="m4">com.blazedemo.tests.DataDrivenTest#TC04_multipleBookings</h3><table class="result"><tr class="param"><th>Parameter #1</th><th>Parameter #2</th><th>Parameter #3</th><th>Parameter #4</th><th>Parameter #5</th><th>Parameter #6</th><th>Parameter #7</th><th>Parameter #8</th></tr><tr class="param stripe"><td>Paris</td><td>Berlin</td><td>Steve Rogers</td><td>125 Cape Town</td><td>Cape Town</td><td>Western State</td><td>413005</td><td>5222222222</td></tr></table><p class="totop"><a href="#summary">back to summary</a></p>
<h3 id="m5">com.blazedemo.tests.FunctionalTests#TC02_searchFlights</h3><table class="result"><tr><th class="invisible"/></tr></table><p class="totop"><a href="#summary">back to summary</a></p>
<h3 id="m6">com.blazedemo.tests.FunctionalTests#TC03_completeFlightBooking</h3><table class="result"><tr><th class="invisible"/></tr></table><p class="totop"><a href="#summary">back to summary</a></p>
<h3 id="m7">com.blazedemo.tests.SmokeTest#TC01_verifyHomepageLoads</h3><table class="result"><tr><th class="invisible"/></tr></table><p class="totop"><a href="#summary">back to summary</a></p>
</body>
</html>
