<?xml version="1.0" encoding="UTF-8"?>
<testng-results ignored="0" total="8" passed="5" failed="3" skipped="0">
  <reporter-output>
  </reporter-output>
  <suite started-at="2025-12-24T17:21:17 IST" name="Suite" finished-at="2025-12-24T17:22:10 IST" duration-ms="53363">
    <groups>
    </groups>
    <test started-at="2025-12-24T17:21:17 IST" name="Test" finished-at="2025-12-24T17:22:10 IST" duration-ms="53363">
      <class name="com.blazedemo.tests.DataDrivenTest">
        <test-method is-config="true" signature="setUp()[pri:0, instance:com.blazedemo.tests.DataDrivenTest@5c86dbc5]" started-at="2025-12-24T17:21:29 IST" name="setUp" finished-at="2025-12-24T17:21:30 IST" duration-ms="1694" status="PASS">
          <reporter-output>
          </reporter-output>
        </test-method> <!-- setUp -->
        <test-method signature="TC04_multipleBookings(java.lang.String,java.lang.String,java.lang.String,java.lang.String,java.lang.String,java.lang.String,java.lang.String,java.lang.String)[pri:0, instance:com.blazedemo.tests.DataDrivenTest@5c86dbc5]" started-at="2025-12-24T17:21:30 IST" name="TC04_multipleBookings" data-provider="bookingData" finished-at="2025-12-24T17:21:33 IST" duration-ms="2752" status="PASS">
          <params>
            <param index="0">
              <value>
                <![CDATA[Boston]]>
              </value>
            </param>
            <param index="1">
              <value>
                <![CDATA[New York]]>
              </value>
            </param>
            <param index="2">
              <value>
                <![CDATA[Tony Stark]]>
              </value>
            </param>
            <param index="3">
              <value>
                <![CDATA[250 Stark Tower]]>
              </value>
            </param>
            <param index="4">
              <value>
                <![CDATA[New York]]>
              </value>
            </param>
            <param index="5">
              <value>
                <![CDATA[New York State]]>
              </value>
            </param>
            <param index="6">
              <value>
                <![CDATA[413000]]>
              </value>
            </param>
            <param index="7">
              <value>
                <![CDATA[5111111111]]>
              </value>
            </param>
          </params>
          <reporter-output>
          </reporter-output>
        </test-method> <!-- TC04_multipleBookings -->
        <test-method is-config="true" signature="tearDown()[pri:0, instance:com.blazedemo.tests.DataDrivenTest@5c86dbc5]" started-at="2025-12-24T17:21:33 IST" name="tearDown" finished-at="2025-12-24T17:21:33 IST" duration-ms="224" status="PASS">
          <reporter-output>
          </reporter-output>
        </test-method> <!-- tearDown -->
        <test-method is-config="true" signature="setUp()[pri:0, instance:com.blazedemo.tests.DataDrivenTest@5c86dbc5]" started-at="2025-12-24T17:21:33 IST" name="setUp" finished-at="2025-12-24T17:21:35 IST" duration-ms="1648" status="PASS">
          <reporter-output>
          </reporter-output>
        </test-method> <!-- setUp -->
        <test-method signature="TC04_multipleBookings(java.lang.String,java.lang.String,java.lang.String,java.lang.String,java.lang.String,java.lang.String,java.lang.String,java.lang.String)[pri:0, instance:com.blazedemo.tests.DataDrivenTest@5c86dbc5]" started-at="2025-12-24T17:21:35 IST" name="TC04_multipleBookings" data-provider="bookingData" finished-at="2025-12-24T17:21:38 IST" duration-ms="2548" status="PASS">
          <params>
            <param index="0">
              <value>
                <![CDATA[Paris]]>
              </value>
            </param>
            <param index="1">
              <value>
                <![CDATA[Berlin]]>
              </value>
            </param>
            <param index="2">
              <value>
                <![CDATA[Steve Rogers]]>
              </value>
            </param>
            <param index="3">
              <value>
                <![CDATA[125 Cape Town]]>
              </value>
            </param>
            <param index="4">
              <value>
                <![CDATA[Cape Town]]>
              </value>
            </param>
            <param index="5">
              <value>
                <![CDATA[Western State]]>
              </value>
            </param>
            <param index="6">
              <value>
                <![CDATA[413005]]>
              </value>
            </param>
            <param index="7">
              <value>
                <![CDATA[5222222222]]>
              </value>
            </param>
          </params>
          <reporter-output>
          </reporter-output>
        </test-method> <!-- TC04_multipleBookings -->
        <test-method is-config="true" signature="tearDown()[pri:0, instance:com.blazedemo.tests.DataDrivenTest@5c86dbc5]" started-at="2025-12-24T17:21:38 IST" name="tearDown" finished-at="2025-12-24T17:21:38 IST" duration-ms="167" status="PASS">
          <reporter-output>
          </reporter-output>
        </test-method> <!-- tearDown -->
      </class> <!-- com.blazedemo.tests.DataDrivenTest -->
      <class name="com.blazedemo.tests.FunctionalTests">
        <test-method is-config="true" signature="setUp()[pri:0, instance:com.blazedemo.tests.FunctionalTests@10289886]" started-at="2025-12-24T17:21:21 IST" name="setUp" finished-at="2025-12-24T17:21:23 IST" duration-ms="1763" status="PASS">
          <reporter-output>
          </reporter-output>
        </test-method> <!-- setUp -->
        <test-method signature="TC02_searchFlights()[pri:0, instance:com.blazedemo.tests.FunctionalTests@10289886]" started-at="2025-12-24T17:21:23 IST" name="TC02_searchFlights" finished-at="2025-12-24T17:21:24 IST" duration-ms="929" status="PASS">
          <reporter-output>
          </reporter-output>
        </test-method> <!-- TC02_searchFlights -->
        <test-method is-config="true" signature="tearDown()[pri:0, instance:com.blazedemo.tests.FunctionalTests@10289886]" started-at="2025-12-24T17:21:24 IST" name="tearDown" finished-at="2025-12-24T17:21:24 IST" duration-ms="199" status="PASS">
          <reporter-output>
          </reporter-output>
        </test-method> <!-- tearDown -->
        <test-method is-config="true" signature="setUp()[pri:0, instance:com.blazedemo.tests.FunctionalTests@10289886]" started-at="2025-12-24T17:21:24 IST" name="setUp" finished-at="2025-12-24T17:21:26 IST" duration-ms="1725" status="PASS">
          <reporter-output>
          </reporter-output>
        </test-method> <!-- setUp -->
        <test-method signature="TC03_completeFlightBooking()[pri:0, instance:com.blazedemo.tests.FunctionalTests@10289886]" started-at="2025-12-24T17:21:26 IST" name="TC03_completeFlightBooking" finished-at="2025-12-24T17:21:28 IST" duration-ms="2641" status="PASS">
          <reporter-output>
          </reporter-output>
        </test-method> <!-- TC03_completeFlightBooking -->
        <test-method is-config="true" signature="tearDown()[pri:0, instance:com.blazedemo.tests.FunctionalTests@10289886]" started-at="2025-12-24T17:21:28 IST" name="tearDown" finished-at="2025-12-24T17:21:29 IST" duration-ms="219" status="PASS">
          <reporter-output>
          </reporter-output>
        </test-method> <!-- tearDown -->
      </class> <!-- com.blazedemo.tests.FunctionalTests -->
      <class name="com.blazedemo.tests.SmokeTest">
        <test-method is-config="true" signature="setUp()[pri:0, instance:com.blazedemo.tests.SmokeTest@66ea810]" started-at="2025-12-24T17:21:17 IST" name="setUp" finished-at="2025-12-24T17:21:21 IST" duration-ms="4015" status="PASS">
          <reporter-output>
          </reporter-output>
        </test-method> <!-- setUp -->
        <test-method signature="TC01_verifyHomepageLoads()[pri:0, instance:com.blazedemo.tests.SmokeTest@66ea810]" started-at="2025-12-24T17:21:21 IST" name="TC01_verifyHomepageLoads" finished-at="2025-12-24T17:21:21 IST" duration-ms="206" status="PASS">
          <reporter-output>
          </reporter-output>
        </test-method> <!-- TC01_verifyHomepageLoads -->
        <test-method is-config="true" signature="tearDown()[pri:0, instance:com.blazedemo.tests.SmokeTest@66ea810]" started-at="2025-12-24T17:21:21 IST" name="tearDown" finished-at="2025-12-24T17:21:21 IST" duration-ms="263" status="PASS">
          <reporter-output>
          </reporter-output>
        </test-method> <!-- tearDown -->
      </class> <!-- com.blazedemo.tests.SmokeTest -->
      <class name="com.blazedemo.tests.NegativeTests">
        <test-method is-config="true" signature="setUp()[pri:0, instance:com.blazedemo.tests.NegativeTests@461ad730]" started-at="2025-12-24T17:21:38 IST" name="setUp" finished-at="2025-12-24T17:21:40 IST" duration-ms="1772" status="PASS">
          <reporter-output>
          </reporter-output>
        </test-method> <!-- setUp -->
        <test-method signature="TC05_blankCreditCard()[pri:0, instance:com.blazedemo.tests.NegativeTests@461ad730]" started-at="2025-12-24T17:21:40 IST" name="TC05_blankCreditCard" finished-at="2025-12-24T17:21:42 IST" duration-ms="2624" status="FAIL">
          <exception class="java.lang.AssertionError">
            <message>
              <![CDATA[expected [false] but found [true]]]>
            </message>
            <full-stacktrace>
              <![CDATA[java.lang.AssertionError: expected [false] but found [true]
at org.testng.Assert.fail(Assert.java:111)
at org.testng.Assert.failNotEquals(Assert.java:1578)
at org.testng.Assert.assertFalse(Assert.java:79)
at org.testng.Assert.assertFalse(Assert.java:89)
at com.blazedemo.tests.NegativeTests.TC05_blankCreditCard(NegativeTests.java:35)
at java.base/jdk.internal.reflect.DirectMethodHandleAccessor.invoke(DirectMethodHandleAccessor.java:103)
at java.base/java.lang.reflect.Method.invoke(Method.java:580)
at org.testng.internal.invokers.MethodInvocationHelper.invokeMethod(MethodInvocationHelper.java:141)
at org.testng.internal.invokers.TestInvoker.invokeMethod(TestInvoker.java:686)
at org.testng.internal.invokers.TestInvoker.invokeTestMethod(TestInvoker.java:230)
at org.testng.internal.invokers.MethodRunner.runInSequence(MethodRunner.java:63)
at org.testng.internal.invokers.TestInvoker$MethodInvocationAgent.invoke(TestInvoker.java:992)
at org.testng.internal.invokers.TestInvoker.invokeTestMethods(TestInvoker.java:203)
at org.testng.internal.invokers.TestMethodWorker.invokeTestMethods(TestMethodWorker.java:154)
at org.testng.internal.invokers.TestMethodWorker.run(TestMethodWorker.java:134)
at java.base/java.util.ArrayList.forEach(ArrayList.java:1596)
at org.testng.TestRunner.privateRun(TestRunner.java:739)
at org.testng.TestRunner.run(TestRunner.java:614)
at org.testng.SuiteRunner.runTest(SuiteRunner.java:421)
at org.testng.SuiteRunner.runSequentially(SuiteRunner.java:413)
at org.testng.SuiteRunner.privateRun(SuiteRunner.java:373)
at org.testng.SuiteRunner.run(SuiteRunner.java:312)
at org.testng.SuiteRunnerWorker.runSuite(SuiteRunnerWorker.java:52)
at org.testng.SuiteRunnerWorker.run(SuiteRunnerWorker.java:95)
at org.testng.TestNG.runSuitesSequentially(TestNG.java:1274)
at org.testng.TestNG.runSuitesLocally(TestNG.java:1208)
at org.testng.TestNG.runSuites(TestNG.java:1112)
at org.testng.TestNG.run(TestNG.java:1079)
at org.testng.remote.AbstractRemoteTestNG.run(AbstractRemoteTestNG.java:115)
at org.testng.remote.RemoteTestNG.initAndRun(RemoteTestNG.java:293)
at org.testng.remote.RemoteTestNG.main(RemoteTestNG.java:91)
]]>
            </full-stacktrace>
          </exception> <!-- java.lang.AssertionError -->
          <reporter-output>
          </reporter-output>
        </test-method> <!-- TC05_blankCreditCard -->
        <test-method is-config="true" signature="tearDown()[pri:0, instance:com.blazedemo.tests.NegativeTests@461ad730]" started-at="2025-12-24T17:21:42 IST" name="tearDown" finished-at="2025-12-24T17:21:42 IST" duration-ms="201" status="PASS">
          <reporter-output>
          </reporter-output>
        </test-method> <!-- tearDown -->
        <test-method is-config="true" signature="setUp()[pri:0, instance:com.blazedemo.tests.NegativeTests@461ad730]" started-at="2025-12-24T17:21:42 IST" name="setUp" finished-at="2025-12-24T17:21:44 IST" duration-ms="1894" status="PASS">
          <reporter-output>
          </reporter-output>
        </test-method> <!-- setUp -->
        <test-method signature="TC06_invalidCreditCardCharacters()[pri:0, instance:com.blazedemo.tests.NegativeTests@461ad730]" started-at="2025-12-24T17:21:44 IST" name="TC06_invalidCreditCardCharacters" finished-at="2025-12-24T17:21:47 IST" duration-ms="2724" status="FAIL">
          <exception class="java.lang.AssertionError">
            <message>
              <![CDATA[expected [false] but found [true]]]>
            </message>
            <full-stacktrace>
              <![CDATA[java.lang.AssertionError: expected [false] but found [true]
at org.testng.Assert.fail(Assert.java:111)
at org.testng.Assert.failNotEquals(Assert.java:1578)
at org.testng.Assert.assertFalse(Assert.java:79)
at org.testng.Assert.assertFalse(Assert.java:89)
at com.blazedemo.tests.NegativeTests.TC06_invalidCreditCardCharacters(NegativeTests.java:59)
at java.base/jdk.internal.reflect.DirectMethodHandleAccessor.invoke(DirectMethodHandleAccessor.java:103)
at java.base/java.lang.reflect.Method.invoke(Method.java:580)
at org.testng.internal.invokers.MethodInvocationHelper.invokeMethod(MethodInvocationHelper.java:141)
at org.testng.internal.invokers.TestInvoker.invokeMethod(TestInvoker.java:686)
at org.testng.internal.invokers.TestInvoker.invokeTestMethod(TestInvoker.java:230)
at org.testng.internal.invokers.MethodRunner.runInSequence(MethodRunner.java:63)
at org.testng.internal.invokers.TestInvoker$MethodInvocationAgent.invoke(TestInvoker.java:992)
at org.testng.internal.invokers.TestInvoker.invokeTestMethods(TestInvoker.java:203)
at org.testng.internal.invokers.TestMethodWorker.invokeTestMethods(TestMethodWorker.java:154)
at org.testng.internal.invokers.TestMethodWorker.run(TestMethodWorker.java:134)
at java.base/java.util.ArrayList.forEach(ArrayList.java:1596)
at org.testng.TestRunner.privateRun(TestRunner.java:739)
at org.testng.TestRunner.run(TestRunner.java:614)
at org.testng.SuiteRunner.runTest(SuiteRunner.java:421)
at org.testng.SuiteRunner.runSequentially(SuiteRunner.java:413)
at org.testng.SuiteRunner.privateRun(SuiteRunner.java:373)
at org.testng.SuiteRunner.run(SuiteRunner.java:312)
at org.testng.SuiteRunnerWorker.runSuite(SuiteRunnerWorker.java:52)
at org.testng.SuiteRunnerWorker.run(SuiteRunnerWorker.java:95)
at org.testng.TestNG.runSuitesSequentially(TestNG.java:1274)
at org.testng.TestNG.runSuitesLocally(TestNG.java:1208)
at org.testng.TestNG.runSuites(TestNG.java:1112)
at org.testng.TestNG.run(TestNG.java:1079)
at org.testng.remote.AbstractRemoteTestNG.run(AbstractRemoteTestNG.java:115)
at org.testng.remote.RemoteTestNG.initAndRun(RemoteTestNG.java:293)
at org.testng.remote.RemoteTestNG.main(RemoteTestNG.java:91)
]]>
            </full-stacktrace>
          </exception> <!-- java.lang.AssertionError -->
          <reporter-output>
          </reporter-output>
        </test-method> <!-- TC06_invalidCreditCardCharacters -->
        <test-method is-config="true" signature="tearDown()[pri:0, instance:com.blazedemo.tests.NegativeTests@461ad730]" started-at="2025-12-24T17:21:47 IST" name="tearDown" finished-at="2025-12-24T17:21:48 IST" duration-ms="228" status="PASS">
          <reporter-output>
          </reporter-output>
        </test-method> <!-- tearDown -->
        <test-method is-config="true" signature="setUp()[pri:0, instance:com.blazedemo.tests.NegativeTests@461ad730]" started-at="2025-12-24T17:21:48 IST" name="setUp" finished-at="2025-12-24T17:21:49 IST" duration-ms="1760" status="PASS">
          <reporter-output>
          </reporter-output>
        </test-method> <!-- setUp -->
        <test-method signature="TC07_sameDepartureSameDestination()[pri:0, instance:com.blazedemo.tests.NegativeTests@461ad730]" started-at="2025-12-24T17:21:49 IST" name="TC07_sameDepartureSameDestination" finished-at="2025-12-24T17:22:10 IST" duration-ms="20332" status="FAIL">
          <exception class="org.openqa.selenium.NoSuchElementException">
            <message>
              <![CDATA[Cannot locate option with text: Paris
For documentation on this error, please visit: https://www.selenium.dev/documentation/webdriver/troubleshooting/errors#nosuchelementexception
Build info: version: '4.39.0', revision: '126f156aee'
System info: os.name: 'Windows 11', os.arch: 'amd64', os.version: '10.0', java.version: '21.0.8'
Driver info: driver.version: unknown]]>
            </message>
            <full-stacktrace>
              <![CDATA[org.openqa.selenium.NoSuchElementException: Cannot locate option with text: Paris
For documentation on this error, please visit: https://www.selenium.dev/documentation/webdriver/troubleshooting/errors#nosuchelementexception
Build info: version: '4.39.0', revision: '126f156aee'
System info: os.name: 'Windows 11', os.arch: 'amd64', os.version: '10.0', java.version: '21.0.8'
Driver info: driver.version: unknown
at org.openqa.selenium.support.ui.Select.selectByVisibleText(Select.java:397)
at org.openqa.selenium.support.ui.Select.selectByVisibleText(Select.java:125)
at com.blazedemo.pages.HomePage.selectCities(HomePage.java:30)
at com.blazedemo.tests.NegativeTests.TC07_sameDepartureSameDestination(NegativeTests.java:68)
at java.base/jdk.internal.reflect.DirectMethodHandleAccessor.invoke(DirectMethodHandleAccessor.java:103)
at java.base/java.lang.reflect.Method.invoke(Method.java:580)
at org.testng.internal.invokers.MethodInvocationHelper.invokeMethod(MethodInvocationHelper.java:141)
at org.testng.internal.invokers.TestInvoker.invokeMethod(TestInvoker.java:686)
at org.testng.internal.invokers.TestInvoker.invokeTestMethod(TestInvoker.java:230)
at org.testng.internal.invokers.MethodRunner.runInSequence(MethodRunner.java:63)
at org.testng.internal.invokers.TestInvoker$MethodInvocationAgent.invoke(TestInvoker.java:992)
at org.testng.internal.invokers.TestInvoker.invokeTestMethods(TestInvoker.java:203)
at org.testng.internal.invokers.TestMethodWorker.invokeTestMethods(TestMethodWorker.java:154)
at org.testng.internal.invokers.TestMethodWorker.run(TestMethodWorker.java:134)
at java.base/java.util.ArrayList.forEach(ArrayList.java:1596)
at org.testng.TestRunner.privateRun(TestRunner.java:739)
at org.testng.TestRunner.run(TestRunner.java:614)
at org.testng.SuiteRunner.runTest(SuiteRunner.java:421)
at org.testng.SuiteRunner.runSequentially(SuiteRunner.java:413)
at org.testng.SuiteRunner.privateRun(SuiteRunner.java:373)
at org.testng.SuiteRunner.run(SuiteRunner.java:312)
at org.testng.SuiteRunnerWorker.runSuite(SuiteRunnerWorker.java:52)
at org.testng.SuiteRunnerWorker.run(SuiteRunnerWorker.java:95)
at org.testng.TestNG.runSuitesSequentially(TestNG.java:1274)
at org.testng.TestNG.runSuitesLocally(TestNG.java:1208)
at org.testng.TestNG.runSuites(TestNG.java:1112)
at org.testng.TestNG.run(TestNG.java:1079)
at org.testng.remote.AbstractRemoteTestNG.run(AbstractRemoteTestNG.java:115)
at org.testng.remote.RemoteTestNG.initAndRun(RemoteTestNG.java:293)
at org.testng.remote.RemoteTestNG.main(RemoteTestNG.java:91)
]]>
            </full-stacktrace>
          </exception> <!-- org.openqa.selenium.NoSuchElementException -->
          <reporter-output>
          </reporter-output>
        </test-method> <!-- TC07_sameDepartureSameDestination -->
        <test-method is-config="true" signature="tearDown()[pri:0, instance:com.blazedemo.tests.NegativeTests@461ad730]" started-at="2025-12-24T17:22:10 IST" name="tearDown" finished-at="2025-12-24T17:22:10 IST" duration-ms="273" status="PASS">
          <reporter-output>
          </reporter-output>
        </test-method> <!-- tearDown -->
      </class> <!-- com.blazedemo.tests.NegativeTests -->
    </test> <!-- Test -->
  </suite> <!-- Suite -->
</testng-results>
