<?xml version="1.0" encoding="UTF-8"?>
<!-- Generated by org.testng.reporters.JUnitReportReporter -->
<testsuite hostname="Asus-Vivobook-S14" failures="0" tests="2" name="com.blazedemo.tests.BlazedemoTests" time="18.134" errors="0" timestamp="2025-12-22T20:57:15 IST" skipped="0">
  <testcase classname="com.blazedemo.tests.BlazedemoTests" name="multipleBookings" time="11.099"/>
  <testcase classname="com.blazedemo.tests.BlazedemoTests" name="multipleBookings" time="7.035"/>
</testsuite> <!-- com.blazedemo.tests.BlazedemoTests -->
