<?xml version="1.0" encoding="UTF-8"?>
<!-- Generated by org.testng.reporters.JUnitReportReporter -->
<testsuite hostname="Asus-Vivobook-S14" failures="0" tests="2" name="com.blazedemo.tests.DataDrivenTest" time="9.033" errors="0" timestamp="2025-12-24T17:22:11 IST" skipped="0">
  <testcase classname="com.blazedemo.tests.DataDrivenTest" name="TC04_multipleBookings" time="4.613"/>
  <testcase classname="com.blazedemo.tests.DataDrivenTest" name="TC04_multipleBookings" time="4.420"/>
</testsuite> <!-- com.blazedemo.tests.DataDrivenTest -->
