<?xml version="1.0" encoding="UTF-8"?>
<!-- Generated by org.testng.reporters.JUnitReportReporter -->
<testsuite hostname="Asus-Vivobook-S14" failures="0" tests="2" name="com.blazedemo.tests.FunctionalTests" time="7.476" errors="0" timestamp="2025-12-24T17:22:11 IST" skipped="0">
  <testcase classname="com.blazedemo.tests.FunctionalTests" name="TC02_searchFlights" time="2.873"/>
  <testcase classname="com.blazedemo.tests.FunctionalTests" name="TC03_completeFlightBooking" time="4.603"/>
</testsuite> <!-- com.blazedemo.tests.FunctionalTests -->
